[2016-01-24 05:45:53] local.ERROR: exception 'Symfony\Component\Debug\Exception\FatalErrorException' with message 'Class 'App\Http\Controllers\Controller' not found' in /Users/priyabrata/Documents/Workspace/Web/authedge/laravel52/app/Http/Controllers/HomeController.php:9
Stack trace:
#0 {main}  
[2016-01-24 05:48:16] local.ERROR: exception 'ErrorException' with message 'file_put_contents(/Users/priyabrata/Documents/Workspace/Web/authedge/laravel52/bootstrap/cache/services.php): failed to open stream: Permission denied' in /Users/priyabrata/Documents/Workspace/Web/authedge/laravel52/vendor/laravel/framework/src/Illuminate/Filesystem/Filesystem.php:81
Stack trace:
#0 [internal function]: Illuminate\Foundation\Bootstrap\HandleExceptions->handleError(2, 'file_put_conten...', '/Users/priyabra...', 81, Array)
#1 /Users/priyabrata/Documents/Workspace/Web/authedge/laravel52/vendor/laravel/framework/src/Illuminate/Filesystem/Filesystem.php(81): file_put_contents('/Users/priyabra...', '<?php return ar...', 0)
#2 /Users/priyabrata/Documents/Workspace/Web/authedge/laravel52/vendor/laravel/framework/src/Illuminate/Foundation/ProviderRepository.php(188): Illuminate\Filesystem\Filesystem->put('/Users/priyabra...', '<?php return ar...')
#3 /Users/priyabrata/Documents/Workspace/Web/authedge/laravel52/vendor/laravel/framework/src/Illuminate/Foundation/ProviderRepository.php(135): Illuminate\Foundation\ProviderRepository->writeManifest(Array)
#4 /Users/priyabrata/Documents/Workspace/Web/authedge/laravel52/vendor/laravel/framework/src/Illuminate/Foundation/ProviderRepository.php(60): Illuminate\Foundation\ProviderRepository->compileManifest(Array)
#5 /Users/priyabrata/Documents/Workspace/Web/authedge/laravel52/vendor/laravel/framework/src/Illuminate/Foundation/Application.php(507): Illuminate\Foundation\ProviderRepository->load(Array)
#6 /Users/priyabrata/Documents/Workspace/Web/authedge/laravel52/vendor/laravel/framework/src/Illuminate/Foundation/Bootstrap/RegisterProviders.php(17): Illuminate\Foundation\Application->registerConfiguredProviders()
#7 /Users/priyabrata/Documents/Workspace/Web/authedge/laravel52/vendor/laravel/framework/src/Illuminate/Foundation/Application.php(203): Illuminate\Foundation\Bootstrap\RegisterProviders->bootstrap(Object(Illuminate\Foundation\Application))
#8 /Users/priyabrata/Documents/Workspace/Web/authedge/laravel52/vendor/laravel/framework/src/Illuminate/Foundation/Http/Kernel.php(232): Illuminate\Foundation\Application->bootstrapWith(Array)
#9 /Users/priyabrata/Documents/Workspace/Web/authedge/laravel52/vendor/laravel/framework/src/Illuminate/Foundation/Http/Kernel.php(127): Illuminate\Foundation\Http\Kernel->bootstrap()
#10 /Users/priyabrata/Documents/Workspace/Web/authedge/laravel52/vendor/laravel/framework/src/Illuminate/Foundation/Http/Kernel.php(99): Illuminate\Foundation\Http\Kernel->sendRequestThroughRouter(Object(Illuminate\Http\Request))
#11 /Users/priyabrata/Documents/Workspace/Web/authedge/laravel52/public/index.php(54): Illuminate\Foundation\Http\Kernel->handle(Object(Illuminate\Http\Request))
#12 {main}  
[2016-01-24 05:48:34] local.ERROR: exception 'ErrorException' with message 'file_put_contents(/Users/priyabrata/Documents/Workspace/Web/authedge/laravel52/bootstrap/cache/services.php): failed to open stream: Permission denied' in /Users/priyabrata/Documents/Workspace/Web/authedge/laravel52/vendor/laravel/framework/src/Illuminate/Filesystem/Filesystem.php:81
Stack trace:
#0 [internal function]: Illuminate\Foundation\Bootstrap\HandleExceptions->handleError(2, 'file_put_conten...', '/Users/priyabra...', 81, Array)
#1 /Users/priyabrata/Documents/Workspace/Web/authedge/laravel52/vendor/laravel/framework/src/Illuminate/Filesystem/Filesystem.php(81): file_put_contents('/Users/priyabra...', '<?php return ar...', 0)
#2 /Users/priyabrata/Documents/Workspace/Web/authedge/laravel52/vendor/laravel/framework/src/Illuminate/Foundation/ProviderRepository.php(188): Illuminate\Filesystem\Filesystem->put('/Users/priyabra...', '<?php return ar...')
#3 /Users/priyabrata/Documents/Workspace/Web/authedge/laravel52/vendor/laravel/framework/src/Illuminate/Foundation/ProviderRepository.php(135): Illuminate\Foundation\ProviderRepository->writeManifest(Array)
#4 /Users/priyabrata/Documents/Workspace/Web/authedge/laravel52/vendor/laravel/framework/src/Illuminate/Foundation/ProviderRepository.php(60): Illuminate\Foundation\ProviderRepository->compileManifest(Array)
#5 /Users/priyabrata/Documents/Workspace/Web/authedge/laravel52/vendor/laravel/framework/src/Illuminate/Foundation/Application.php(507): Illuminate\Foundation\ProviderRepository->load(Array)
#6 /Users/priyabrata/Documents/Workspace/Web/authedge/laravel52/vendor/laravel/framework/src/Illuminate/Foundation/Bootstrap/RegisterProviders.php(17): Illuminate\Foundation\Application->registerConfiguredProviders()
#7 /Users/priyabrata/Documents/Workspace/Web/authedge/laravel52/vendor/laravel/framework/src/Illuminate/Foundation/Application.php(203): Illuminate\Foundation\Bootstrap\RegisterProviders->bootstrap(Object(Illuminate\Foundation\Application))
#8 /Users/priyabrata/Documents/Workspace/Web/authedge/laravel52/vendor/laravel/framework/src/Illuminate/Foundation/Http/Kernel.php(232): Illuminate\Foundation\Application->bootstrapWith(Array)
#9 /Users/priyabrata/Documents/Workspace/Web/authedge/laravel52/vendor/laravel/framework/src/Illuminate/Foundation/Http/Kernel.php(127): Illuminate\Foundation\Http\Kernel->bootstrap()
#10 /Users/priyabrata/Documents/Workspace/Web/authedge/laravel52/vendor/laravel/framework/src/Illuminate/Foundation/Http/Kernel.php(99): Illuminate\Foundation\Http\Kernel->sendRequestThroughRouter(Object(Illuminate\Http\Request))
#11 /Users/priyabrata/Documents/Workspace/Web/authedge/laravel52/public/index.php(54): Illuminate\Foundation\Http\Kernel->handle(Object(Illuminate\Http\Request))
#12 {main}  
[2016-01-24 06:21:37] local.ERROR: exception 'PDOException' with message 'SQLSTATE[42S21]: Column already exists: 1060 Duplicate column name 'login_token'' in /Users/priyabrata/Documents/Workspace/Web/authedge/laravel52/vendor/laravel/framework/src/Illuminate/Database/Connection.php:390
Stack trace:
#0 /Users/priyabrata/Documents/Workspace/Web/authedge/laravel52/vendor/laravel/framework/src/Illuminate/Database/Connection.php(390): PDOStatement->execute(Array)
#1 /Users/priyabrata/Documents/Workspace/Web/authedge/laravel52/vendor/laravel/framework/src/Illuminate/Database/Connection.php(644): Illuminate\Database\Connection->Illuminate\Database\{closure}(Object(Illuminate\Database\MySqlConnection), 'alter table `us...', Array)
#2 /Users/priyabrata/Documents/Workspace/Web/authedge/laravel52/vendor/laravel/framework/src/Illuminate/Database/Connection.php(611): Illuminate\Database\Connection->runQueryCallback('alter table `us...', Array, Object(Closure))
#3 /Users/priyabrata/Documents/Workspace/Web/authedge/laravel52/vendor/laravel/framework/src/Illuminate/Database/Connection.php(391): Illuminate\Database\Connection->run('alter table `us...', Array, Object(Closure))
#4 /Users/priyabrata/Documents/Workspace/Web/authedge/laravel52/vendor/laravel/framework/src/Illuminate/Database/Schema/Blueprint.php(83): Illuminate\Database\Connection->statement('alter table `us...')
#5 /Users/priyabrata/Documents/Workspace/Web/authedge/laravel52/vendor/laravel/framework/src/Illuminate/Database/Schema/Builder.php(203): Illuminate\Database\Schema\Blueprint->build(Object(Illuminate\Database\MySqlConnection), Object(Illuminate\Database\Schema\Grammars\MySqlGrammar))
#6 /Users/priyabrata/Documents/Workspace/Web/authedge/laravel52/vendor/laravel/framework/src/Illuminate/Database/Schema/Builder.php(128): Illuminate\Database\Schema\Builder->build(Object(Illuminate\Database\Schema\Blueprint))
#7 /Users/priyabrata/Documents/Workspace/Web/authedge/laravel52/vendor/laravel/framework/src/Illuminate/Support/Facades/Facade.php(221): Illuminate\Database\Schema\Builder->table('users', Object(Closure))
#8 /Users/priyabrata/Documents/Workspace/Web/authedge/laravel52/database/migrations/2016_01_09_130040_add_login_at_to_users_table.php(21): Illuminate\Support\Facades\Facade::__callStatic('table', Array)
#9 /Users/priyabrata/Documents/Workspace/Web/authedge/laravel52/database/migrations/2016_01_09_130040_add_login_at_to_users_table.php(21): Illuminate\Support\Facades\Schema::table('users', Object(Closure))
#10 /Users/priyabrata/Documents/Workspace/Web/authedge/laravel52/vendor/laravel/framework/src/Illuminate/Database/Migrations/Migrator.php(147): AddLoginAtToUsersTable->up()
#11 /Users/priyabrata/Documents/Workspace/Web/authedge/laravel52/vendor/laravel/framework/src/Illuminate/Database/Migrations/Migrator.php(117): Illuminate\Database\Migrations\Migrator->runUp('2016_01_09_1300...', 2, false)
#12 /Users/priyabrata/Documents/Workspace/Web/authedge/laravel52/vendor/laravel/framework/src/Illuminate/Database/Migrations/Migrator.php(86): Illuminate\Database\Migrations\Migrator->runMigrationList(Array, Array)
#13 /Users/priyabrata/Documents/Workspace/Web/authedge/laravel52/vendor/laravel/framework/src/Illuminate/Database/Console/Migrations/MigrateCommand.php(77): Illuminate\Database\Migrations\Migrator->run('/Users/priyabra...', Array)
#14 [internal function]: Illuminate\Database\Console\Migrations\MigrateCommand->fire()
#15 /Users/priyabrata/Documents/Workspace/Web/authedge/laravel52/vendor/laravel/framework/src/Illuminate/Container/Container.php(507): call_user_func_array(Array, Array)
#16 /Users/priyabrata/Documents/Workspace/Web/authedge/laravel52/vendor/laravel/framework/src/Illuminate/Console/Command.php(169): Illuminate\Container\Container->call(Array)
#17 /Users/priyabrata/Documents/Workspace/Web/authedge/laravel52/vendor/symfony/console/Command/Command.php(256): Illuminate\Console\Command->execute(Object(Symfony\Component\Console\Input\ArgvInput), Object(Symfony\Component\Console\Output\ConsoleOutput))
#18 /Users/priyabrata/Documents/Workspace/Web/authedge/laravel52/vendor/laravel/framework/src/Illuminate/Console/Command.php(155): Symfony\Component\Console\Command\Command->run(Object(Symfony\Component\Console\Input\ArgvInput), Object(Symfony\Component\Console\Output\ConsoleOutput))
#19 /Users/priyabrata/Documents/Workspace/Web/authedge/laravel52/vendor/symfony/console/Application.php(787): Illuminate\Console\Command->run(Object(Symfony\Component\Console\Input\ArgvInput), Object(Symfony\Component\Console\Output\ConsoleOutput))
#20 /Users/priyabrata/Documents/Workspace/Web/authedge/laravel52/vendor/symfony/console/Application.php(186): Symfony\Component\Console\Application->doRunCommand(Object(Illuminate\Database\Console\Migrations\MigrateCommand), Object(Symfony\Component\Console\Input\ArgvInput), Object(Symfony\Component\Console\Output\ConsoleOutput))
#21 /Users/priyabrata/Documents/Workspace/Web/authedge/laravel52/vendor/symfony/console/Application.php(117): Symfony\Component\Console\Application->doRun(Object(Symfony\Component\Console\Input\ArgvInput), Object(Symfony\Component\Console\Output\ConsoleOutput))
#22 /Users/priyabrata/Documents/Workspace/Web/authedge/laravel52/vendor/laravel/framework/src/Illuminate/Foundation/Console/Kernel.php(107): Symfony\Component\Console\Application->run(Object(Symfony\Component\Console\Input\ArgvInput), Object(Symfony\Component\Console\Output\ConsoleOutput))
#23 /Users/priyabrata/Documents/Workspace/Web/authedge/laravel52/artisan(36): Illuminate\Foundation\Console\Kernel->handle(Object(Symfony\Component\Console\Input\ArgvInput), Object(Symfony\Component\Console\Output\ConsoleOutput))
#24 {main}

Next exception 'Illuminate\Database\QueryException' with message 'SQLSTATE[42S21]: Column already exists: 1060 Duplicate column name 'login_token' (SQL: alter table `users` add `login_at` datetime null after `remember_token`, add `logout_at` datetime null after `login_at`, add `login_token` varchar(32) null after `logout_at`)' in /Users/priyabrata/Documents/Workspace/Web/authedge/laravel52/vendor/laravel/framework/src/Illuminate/Database/Connection.php:651
Stack trace:
#0 /Users/priyabrata/Documents/Workspace/Web/authedge/laravel52/vendor/laravel/framework/src/Illuminate/Database/Connection.php(611): Illuminate\Database\Connection->runQueryCallback('alter table `us...', Array, Object(Closure))
#1 /Users/priyabrata/Documents/Workspace/Web/authedge/laravel52/vendor/laravel/framework/src/Illuminate/Database/Connection.php(391): Illuminate\Database\Connection->run('alter table `us...', Array, Object(Closure))
#2 /Users/priyabrata/Documents/Workspace/Web/authedge/laravel52/vendor/laravel/framework/src/Illuminate/Database/Schema/Blueprint.php(83): Illuminate\Database\Connection->statement('alter table `us...')
#3 /Users/priyabrata/Documents/Workspace/Web/authedge/laravel52/vendor/laravel/framework/src/Illuminate/Database/Schema/Builder.php(203): Illuminate\Database\Schema\Blueprint->build(Object(Illuminate\Database\MySqlConnection), Object(Illuminate\Database\Schema\Grammars\MySqlGrammar))
#4 /Users/priyabrata/Documents/Workspace/Web/authedge/laravel52/vendor/laravel/framework/src/Illuminate/Database/Schema/Builder.php(128): Illuminate\Database\Schema\Builder->build(Object(Illuminate\Database\Schema\Blueprint))
#5 /Users/priyabrata/Documents/Workspace/Web/authedge/laravel52/vendor/laravel/framework/src/Illuminate/Support/Facades/Facade.php(221): Illuminate\Database\Schema\Builder->table('users', Object(Closure))
#6 /Users/priyabrata/Documents/Workspace/Web/authedge/laravel52/database/migrations/2016_01_09_130040_add_login_at_to_users_table.php(21): Illuminate\Support\Facades\Facade::__callStatic('table', Array)
#7 /Users/priyabrata/Documents/Workspace/Web/authedge/laravel52/database/migrations/2016_01_09_130040_add_login_at_to_users_table.php(21): Illuminate\Support\Facades\Schema::table('users', Object(Closure))
#8 /Users/priyabrata/Documents/Workspace/Web/authedge/laravel52/vendor/laravel/framework/src/Illuminate/Database/Migrations/Migrator.php(147): AddLoginAtToUsersTable->up()
#9 /Users/priyabrata/Documents/Workspace/Web/authedge/laravel52/vendor/laravel/framework/src/Illuminate/Database/Migrations/Migrator.php(117): Illuminate\Database\Migrations\Migrator->runUp('2016_01_09_1300...', 2, false)
#10 /Users/priyabrata/Documents/Workspace/Web/authedge/laravel52/vendor/laravel/framework/src/Illuminate/Database/Migrations/Migrator.php(86): Illuminate\Database\Migrations\Migrator->runMigrationList(Array, Array)
#11 /Users/priyabrata/Documents/Workspace/Web/authedge/laravel52/vendor/laravel/framework/src/Illuminate/Database/Console/Migrations/MigrateCommand.php(77): Illuminate\Database\Migrations\Migrator->run('/Users/priyabra...', Array)
#12 [internal function]: Illuminate\Database\Console\Migrations\MigrateCommand->fire()
#13 /Users/priyabrata/Documents/Workspace/Web/authedge/laravel52/vendor/laravel/framework/src/Illuminate/Container/Container.php(507): call_user_func_array(Array, Array)
#14 /Users/priyabrata/Documents/Workspace/Web/authedge/laravel52/vendor/laravel/framework/src/Illuminate/Console/Command.php(169): Illuminate\Container\Container->call(Array)
#15 /Users/priyabrata/Documents/Workspace/Web/authedge/laravel52/vendor/symfony/console/Command/Command.php(256): Illuminate\Console\Command->execute(Object(Symfony\Component\Console\Input\ArgvInput), Object(Symfony\Component\Console\Output\ConsoleOutput))
#16 /Users/priyabrata/Documents/Workspace/Web/authedge/laravel52/vendor/laravel/framework/src/Illuminate/Console/Command.php(155): Symfony\Component\Console\Command\Command->run(Object(Symfony\Component\Console\Input\ArgvInput), Object(Symfony\Component\Console\Output\ConsoleOutput))
#17 /Users/priyabrata/Documents/Workspace/Web/authedge/laravel52/vendor/symfony/console/Application.php(787): Illuminate\Console\Command->run(Object(Symfony\Component\Console\Input\ArgvInput), Object(Symfony\Component\Console\Output\ConsoleOutput))
#18 /Users/priyabrata/Documents/Workspace/Web/authedge/laravel52/vendor/symfony/console/Application.php(186): Symfony\Component\Console\Application->doRunCommand(Object(Illuminate\Database\Console\Migrations\MigrateCommand), Object(Symfony\Component\Console\Input\ArgvInput), Object(Symfony\Component\Console\Output\ConsoleOutput))
#19 /Users/priyabrata/Documents/Workspace/Web/authedge/laravel52/vendor/symfony/console/Application.php(117): Symfony\Component\Console\Application->doRun(Object(Symfony\Component\Console\Input\ArgvInput), Object(Symfony\Component\Console\Output\ConsoleOutput))
#20 /Users/priyabrata/Documents/Workspace/Web/authedge/laravel52/vendor/laravel/framework/src/Illuminate/Foundation/Console/Kernel.php(107): Symfony\Component\Console\Application->run(Object(Symfony\Component\Console\Input\ArgvInput), Object(Symfony\Component\Console\Output\ConsoleOutput))
#21 /Users/priyabrata/Documents/Workspace/Web/authedge/laravel52/artisan(36): Illuminate\Foundation\Console\Kernel->handle(Object(Symfony\Component\Console\Input\ArgvInput), Object(Symfony\Component\Console\Output\ConsoleOutput))
#22 {main}  
[2016-01-24 06:22:25] local.ERROR: exception 'PDOException' with message 'SQLSTATE[42000]: Syntax error or access violation: 1091 Can't DROP 'login_token'; check that column/key exists' in /Users/priyabrata/Documents/Workspace/Web/authedge/laravel52/vendor/laravel/framework/src/Illuminate/Database/Connection.php:390
Stack trace:
#0 /Users/priyabrata/Documents/Workspace/Web/authedge/laravel52/vendor/laravel/framework/src/Illuminate/Database/Connection.php(390): PDOStatement->execute(Array)
#1 /Users/priyabrata/Documents/Workspace/Web/authedge/laravel52/vendor/laravel/framework/src/Illuminate/Database/Connection.php(644): Illuminate\Database\Connection->Illuminate\Database\{closure}(Object(Illuminate\Database\MySqlConnection), 'alter table `us...', Array)
#2 /Users/priyabrata/Documents/Workspace/Web/authedge/laravel52/vendor/laravel/framework/src/Illuminate/Database/Connection.php(611): Illuminate\Database\Connection->runQueryCallback('alter table `us...', Array, Object(Closure))
#3 /Users/priyabrata/Documents/Workspace/Web/authedge/laravel52/vendor/laravel/framework/src/Illuminate/Database/Connection.php(391): Illuminate\Database\Connection->run('alter table `us...', Array, Object(Closure))
#4 /Users/priyabrata/Documents/Workspace/Web/authedge/laravel52/vendor/laravel/framework/src/Illuminate/Database/Schema/Blueprint.php(83): Illuminate\Database\Connection->statement('alter table `us...')
#5 /Users/priyabrata/Documents/Workspace/Web/authedge/laravel52/vendor/laravel/framework/src/Illuminate/Database/Schema/Builder.php(203): Illuminate\Database\Schema\Blueprint->build(Object(Illuminate\Database\MySqlConnection), Object(Illuminate\Database\Schema\Grammars\MySqlGrammar))
#6 /Users/priyabrata/Documents/Workspace/Web/authedge/laravel52/vendor/laravel/framework/src/Illuminate/Database/Schema/Builder.php(128): Illuminate\Database\Schema\Builder->build(Object(Illuminate\Database\Schema\Blueprint))
#7 /Users/priyabrata/Documents/Workspace/Web/authedge/laravel52/vendor/laravel/framework/src/Illuminate/Support/Facades/Facade.php(221): Illuminate\Database\Schema\Builder->table('users', Object(Closure))
#8 /Users/priyabrata/Documents/Workspace/Web/authedge/laravel52/database/migrations/2016_01_09_130040_add_login_at_to_users_table.php(35): Illuminate\Support\Facades\Facade::__callStatic('table', Array)
#9 /Users/priyabrata/Documents/Workspace/Web/authedge/laravel52/database/migrations/2016_01_09_130040_add_login_at_to_users_table.php(35): Illuminate\Support\Facades\Schema::table('users', Object(Closure))
#10 /Users/priyabrata/Documents/Workspace/Web/authedge/laravel52/vendor/laravel/framework/src/Illuminate/Database/Migrations/Migrator.php(233): AddLoginAtToUsersTable->down()
#11 /Users/priyabrata/Documents/Workspace/Web/authedge/laravel52/vendor/laravel/framework/src/Illuminate/Database/Migrations/Migrator.php(181): Illuminate\Database\Migrations\Migrator->runDown(Object(stdClass), false)
#12 /Users/priyabrata/Documents/Workspace/Web/authedge/laravel52/vendor/laravel/framework/src/Illuminate/Database/Console/Migrations/RollbackCommand.php(63): Illuminate\Database\Migrations\Migrator->rollback(false)
#13 [internal function]: Illuminate\Database\Console\Migrations\RollbackCommand->fire()
#14 /Users/priyabrata/Documents/Workspace/Web/authedge/laravel52/vendor/laravel/framework/src/Illuminate/Container/Container.php(507): call_user_func_array(Array, Array)
#15 /Users/priyabrata/Documents/Workspace/Web/authedge/laravel52/vendor/laravel/framework/src/Illuminate/Console/Command.php(169): Illuminate\Container\Container->call(Array)
#16 /Users/priyabrata/Documents/Workspace/Web/authedge/laravel52/vendor/symfony/console/Command/Command.php(256): Illuminate\Console\Command->execute(Object(Symfony\Component\Console\Input\ArgvInput), Object(Symfony\Component\Console\Output\ConsoleOutput))
#17 /Users/priyabrata/Documents/Workspace/Web/authedge/laravel52/vendor/laravel/framework/src/Illuminate/Console/Command.php(155): Symfony\Component\Console\Command\Command->run(Object(Symfony\Component\Console\Input\ArgvInput), Object(Symfony\Component\Console\Output\ConsoleOutput))
#18 /Users/priyabrata/Documents/Workspace/Web/authedge/laravel52/vendor/symfony/console/Application.php(787): Illuminate\Console\Command->run(Object(Symfony\Component\Console\Input\ArgvInput), Object(Symfony\Component\Console\Output\ConsoleOutput))
#19 /Users/priyabrata/Documents/Workspace/Web/authedge/laravel52/vendor/symfony/console/Application.php(186): Symfony\Component\Console\Application->doRunCommand(Object(Illuminate\Database\Console\Migrations\RollbackCommand), Object(Symfony\Component\Console\Input\ArgvInput), Object(Symfony\Component\Console\Output\ConsoleOutput))
#20 /Users/priyabrata/Documents/Workspace/Web/authedge/laravel52/vendor/symfony/console/Application.php(117): Symfony\Component\Console\Application->doRun(Object(Symfony\Component\Console\Input\ArgvInput), Object(Symfony\Component\Console\Output\ConsoleOutput))
#21 /Users/priyabrata/Documents/Workspace/Web/authedge/laravel52/vendor/laravel/framework/src/Illuminate/Foundation/Console/Kernel.php(107): Symfony\Component\Console\Application->run(Object(Symfony\Component\Console\Input\ArgvInput), Object(Symfony\Component\Console\Output\ConsoleOutput))
#22 /Users/priyabrata/Documents/Workspace/Web/authedge/laravel52/artisan(36): Illuminate\Foundation\Console\Kernel->handle(Object(Symfony\Component\Console\Input\ArgvInput), Object(Symfony\Component\Console\Output\ConsoleOutput))
#23 {main}

Next exception 'Illuminate\Database\QueryException' with message 'SQLSTATE[42000]: Syntax error or access violation: 1091 Can't DROP 'login_token'; check that column/key exists (SQL: alter table `users` drop `login_at`, drop `logout_at`, drop `login_token`)' in /Users/priyabrata/Documents/Workspace/Web/authedge/laravel52/vendor/laravel/framework/src/Illuminate/Database/Connection.php:651
Stack trace:
#0 /Users/priyabrata/Documents/Workspace/Web/authedge/laravel52/vendor/laravel/framework/src/Illuminate/Database/Connection.php(611): Illuminate\Database\Connection->runQueryCallback('alter table `us...', Array, Object(Closure))
#1 /Users/priyabrata/Documents/Workspace/Web/authedge/laravel52/vendor/laravel/framework/src/Illuminate/Database/Connection.php(391): Illuminate\Database\Connection->run('alter table `us...', Array, Object(Closure))
#2 /Users/priyabrata/Documents/Workspace/Web/authedge/laravel52/vendor/laravel/framework/src/Illuminate/Database/Schema/Blueprint.php(83): Illuminate\Database\Connection->statement('alter table `us...')
#3 /Users/priyabrata/Documents/Workspace/Web/authedge/laravel52/vendor/laravel/framework/src/Illuminate/Database/Schema/Builder.php(203): Illuminate\Database\Schema\Blueprint->build(Object(Illuminate\Database\MySqlConnection), Object(Illuminate\Database\Schema\Grammars\MySqlGrammar))
#4 /Users/priyabrata/Documents/Workspace/Web/authedge/laravel52/vendor/laravel/framework/src/Illuminate/Database/Schema/Builder.php(128): Illuminate\Database\Schema\Builder->build(Object(Illuminate\Database\Schema\Blueprint))
#5 /Users/priyabrata/Documents/Workspace/Web/authedge/laravel52/vendor/laravel/framework/src/Illuminate/Support/Facades/Facade.php(221): Illuminate\Database\Schema\Builder->table('users', Object(Closure))
#6 /Users/priyabrata/Documents/Workspace/Web/authedge/laravel52/database/migrations/2016_01_09_130040_add_login_at_to_users_table.php(35): Illuminate\Support\Facades\Facade::__callStatic('table', Array)
#7 /Users/priyabrata/Documents/Workspace/Web/authedge/laravel52/database/migrations/2016_01_09_130040_add_login_at_to_users_table.php(35): Illuminate\Support\Facades\Schema::table('users', Object(Closure))
#8 /Users/priyabrata/Documents/Workspace/Web/authedge/laravel52/vendor/laravel/framework/src/Illuminate/Database/Migrations/Migrator.php(233): AddLoginAtToUsersTable->down()
#9 /Users/priyabrata/Documents/Workspace/Web/authedge/laravel52/vendor/laravel/framework/src/Illuminate/Database/Migrations/Migrator.php(181): Illuminate\Database\Migrations\Migrator->runDown(Object(stdClass), false)
#10 /Users/priyabrata/Documents/Workspace/Web/authedge/laravel52/vendor/laravel/framework/src/Illuminate/Database/Console/Migrations/RollbackCommand.php(63): Illuminate\Database\Migrations\Migrator->rollback(false)
#11 [internal function]: Illuminate\Database\Console\Migrations\RollbackCommand->fire()
#12 /Users/priyabrata/Documents/Workspace/Web/authedge/laravel52/vendor/laravel/framework/src/Illuminate/Container/Container.php(507): call_user_func_array(Array, Array)
#13 /Users/priyabrata/Documents/Workspace/Web/authedge/laravel52/vendor/laravel/framework/src/Illuminate/Console/Command.php(169): Illuminate\Container\Container->call(Array)
#14 /Users/priyabrata/Documents/Workspace/Web/authedge/laravel52/vendor/symfony/console/Command/Command.php(256): Illuminate\Console\Command->execute(Object(Symfony\Component\Console\Input\ArgvInput), Object(Symfony\Component\Console\Output\ConsoleOutput))
#15 /Users/priyabrata/Documents/Workspace/Web/authedge/laravel52/vendor/laravel/framework/src/Illuminate/Console/Command.php(155): Symfony\Component\Console\Command\Command->run(Object(Symfony\Component\Console\Input\ArgvInput), Object(Symfony\Component\Console\Output\ConsoleOutput))
#16 /Users/priyabrata/Documents/Workspace/Web/authedge/laravel52/vendor/symfony/console/Application.php(787): Illuminate\Console\Command->run(Object(Symfony\Component\Console\Input\ArgvInput), Object(Symfony\Component\Console\Output\ConsoleOutput))
#17 /Users/priyabrata/Documents/Workspace/Web/authedge/laravel52/vendor/symfony/console/Application.php(186): Symfony\Component\Console\Application->doRunCommand(Object(Illuminate\Database\Console\Migrations\RollbackCommand), Object(Symfony\Component\Console\Input\ArgvInput), Object(Symfony\Component\Console\Output\ConsoleOutput))
#18 /Users/priyabrata/Documents/Workspace/Web/authedge/laravel52/vendor/symfony/console/Application.php(117): Symfony\Component\Console\Application->doRun(Object(Symfony\Component\Console\Input\ArgvInput), Object(Symfony\Component\Console\Output\ConsoleOutput))
#19 /Users/priyabrata/Documents/Workspace/Web/authedge/laravel52/vendor/laravel/framework/src/Illuminate/Foundation/Console/Kernel.php(107): Symfony\Component\Console\Application->run(Object(Symfony\Component\Console\Input\ArgvInput), Object(Symfony\Component\Console\Output\ConsoleOutput))
#20 /Users/priyabrata/Documents/Workspace/Web/authedge/laravel52/artisan(36): Illuminate\Foundation\Console\Kernel->handle(Object(Symfony\Component\Console\Input\ArgvInput), Object(Symfony\Component\Console\Output\ConsoleOutput))
#21 {main}  
